Installing package into ‘/usr/local/lib/R/site-library’
(as ‘lib’ is unspecified)
trying URL 'https://cloud.r-project.org/src/contrib/rmarkdown_2.14.tar.gz'
Content type 'application/x-gzip' length 3241807 bytes (3.1 MB)
==================================================
downloaded 3.1 MB

* installing *source* package ‘rmarkdown’ ...
** package ‘rmarkdown’ successfully unpacked and MD5 sums checked
** using staged installation
** R
** inst
** byte-compile and prepare package for lazy loading
** help
*** installing help indices
*** copying figures
** building package indices
** installing vignettes
** testing if installed package can be loaded from temporary location
** testing if installed package can be loaded from final location
** testing if installed package keeps a record of temporary installation path
* DONE (rmarkdown)

The downloaded source packages are in
	‘/tmp/Rtmp9Se306/downloaded_packages’
