Installing package into ‘/usr/local/lib/R/site-library’
(as ‘lib’ is unspecified)
trying URL 'https://cloud.r-project.org/src/contrib/tinytex_0.40.tar.gz'
Content type 'application/x-gzip' length 32846 bytes (32 KB)
==================================================
downloaded 32 KB

* installing *source* package ‘tinytex’ ...
** package ‘tinytex’ successfully unpacked and MD5 sums checked
** using staged installation
** R
** inst
** byte-compile and prepare package for lazy loading
** help
*** installing help indices
** building package indices
** testing if installed package can be loaded from temporary location
** testing if installed package can be loaded from final location
** testing if installed package keeps a record of temporary installation path
* DONE (tinytex)

The downloaded source packages are in
	‘/tmp/RtmpTtjjNH/downloaded_packages’
